[0621/090712:ERROR:process_info.cc(608)] range at 0xfffde000, size 0x230 fully unreadable
[0621/090712:ERROR:process_reader_win.cc(232)] ReadMemory at 0xfffde000 of 560 bytes failed: Only part of a ReadProcessMemory or WriteProcessMemory request was completed. (0x12B)
[0621/090712:ERROR:process_snapshot_win.cc(349)] ReadMemory PEB
[0621/090712:ERROR:process_reader_win.cc(232)] ReadMemory at 0x1320000 of 64 bytes failed: Only part of a ReadProcessMemory or WriteProcessMemory request was completed. (0x12B)
[0621/090712:WARNING:pe_image_reader.cc(280)] could not read dos header from C:\Program Files (x86)\Google\Chrome\Application\chrome.exe
[0621/090712:ERROR:process_reader_win.cc(232)] ReadMemory at 0x77650000 of 64 bytes failed: Only part of a ReadProcessMemory or WriteProcessMemory request was completed. (0x12B)
[0621/090712:WARNING:pe_image_reader.cc(280)] could not read dos header from C:\windows\SysWOW64\ntdll.dll
[0621/090712:ERROR:process_reader_win.cc(232)] ReadMemory at 0x770b0000 of 64 bytes failed: Only part of a ReadProcessMemory or WriteProcessMemory request was completed. (0x12B)
[0621/090712:WARNING:pe_image_reader.cc(280)] could not read dos header from C:\windows\syswow64\KERNELBASE.dll
[0621/090712:ERROR:process_reader_win.cc(232)] ReadMemory at 0x76ae0000 of 64 bytes failed: Only part of a ReadProcessMemory or WriteProcessMemory request was completed. (0x12B)
[0621/090712:WARNING:pe_image_reader.cc(280)] could not read dos header from C:\windows\syswow64\kernel32.dll
[0621/090712:ERROR:process_reader_win.cc(232)] ReadMemory at 0x76290000 of 64 bytes failed: Only part of a ReadProcessMemory or WriteProcessMemory request was completed. (0x12B)
[0621/090712:WARNING:pe_image_reader.cc(280)] could not read dos header from C:\windows\syswow64\msvcrt.dll
[0621/090712:ERROR:process_reader_win.cc(232)] ReadMemory at 0x74fb0000 of 64 bytes failed: Only part of a ReadProcessMemory or WriteProcessMemory request was completed. (0x12B)
[0621/090712:WARNING:pe_image_reader.cc(280)] could not read dos header from C:\windows\syswow64\CRYPTBASE.dll
[0621/090712:ERROR:process_reader_win.cc(232)] ReadMemory at 0x74fc0000 of 64 bytes failed: Only part of a ReadProcessMemory or WriteProcessMemory request was completed. (0x12B)
[0621/090712:WARNING:pe_image_reader.cc(280)] could not read dos header from C:\windows\syswow64\SspiCli.dll
[0621/090712:ERROR:process_reader_win.cc(232)] ReadMemory at 0x76850000 of 64 bytes failed: Only part of a ReadProcessMemory or WriteProcessMemory request was completed. (0x12B)
[0621/090712:WARNING:pe_image_reader.cc(280)] could not read dos header from C:\windows\syswow64\RPCRT4.dll
[0621/090712:ERROR:process_reader_win.cc(232)] ReadMemory at 0x75f60000 of 64 bytes failed: Only part of a ReadProcessMemory or WriteProcessMemory request was completed. (0x12B)
[0621/090712:WARNING:pe_image_reader.cc(280)] could not read dos header from C:\windows\SysWOW64\sechost.dll
[0621/090712:ERROR:process_reader_win.cc(232)] ReadMemory at 0x76450000 of 64 bytes failed: Only part of a ReadProcessMemory or WriteProcessMemory request was completed. (0x12B)
[0621/090712:WARNING:pe_image_reader.cc(280)] could not read dos header from C:\windows\syswow64\ADVAPI32.dll
[0621/090712:ERROR:process_reader_win.cc(232)] ReadMemory at 0x67200000 of 64 bytes failed: Only part of a ReadProcessMemory or WriteProcessMemory request was completed. (0x12B)
[0621/090712:WARNING:pe_image_reader.cc(280)] could not read dos header from C:\Program Files (x86)\Google\Chrome\Application\51.0.2704.103\chrome_elf.dll
[0621/090712:ERROR:process_reader_win.cc(232)] ReadMemory at 0x71810000 of 64 bytes failed: Only part of a ReadProcessMemory or WriteProcessMemory request was completed. (0x12B)
[0621/090712:WARNING:pe_image_reader.cc(280)] could not read dos header from C:\windows\system32\VERSION.dll
[0621/090712:ERROR:process_reader_win.cc(232)] ReadMemory at 0x771a0000 of 64 bytes failed: Only part of a ReadProcessMemory or WriteProcessMemory request was completed. (0x12B)
[0621/090712:WARNING:pe_image_reader.cc(280)] could not read dos header from C:\windows\syswow64\USP10.dll
[0621/090712:ERROR:process_reader_win.cc(232)] ReadMemory at 0x77190000 of 64 bytes failed: Only part of a ReadProcessMemory or WriteProcessMemory request was completed. (0x12B)
[0621/090712:WARNING:pe_image_reader.cc(280)] could not read dos header from C:\windows\syswow64\LPK.dll
[0621/090712:ERROR:process_reader_win.cc(232)] ReadMemory at 0x76780000 of 64 bytes failed: Only part of a ReadProcessMemory or WriteProcessMemory request was completed. (0x12B)
[0621/090712:WARNING:pe_image_reader.cc(280)] could not read dos header from C:\windows\syswow64\GDI32.dll
[0621/090712:ERROR:process_reader_win.cc(232)] ReadMemory at 0x76680000 of 64 bytes failed: Only part of a ReadProcessMemory or WriteProcessMemory request was completed. (0x12B)
[0621/090712:WARNING:pe_image_reader.cc(280)] could not read dos header from C:\windows\syswow64\USER32.dll
[0621/090712:ERROR:process_reader_win.cc(232)] ReadMemory at 0x70ed0000 of 64 bytes failed: Only part of a ReadProcessMemory or WriteProcessMemory request was completed. (0x12B)
[0621/090712:WARNING:pe_image_reader.cc(280)] could not read dos header from C:\windows\system32\WINMM.dll
[0621/090712:ERROR:process_reader_win.cc(232)] ReadMemory at 0x76cd0000 of 64 bytes failed: Only part of a ReadProcessMemory or WriteProcessMemory request was completed. (0x12B)
[0621/090712:WARNING:pe_image_reader.cc(280)] could not read dos header from C:\windows\syswow64\profapi.dll
[0621/090712:ERROR:process_reader_win.cc(232)] ReadMemory at 0x76340000 of 64 bytes failed: Only part of a ReadProcessMemory or WriteProcessMemory request was completed. (0x12B)
[0621/090712:WARNING:pe_image_reader.cc(280)] could not read dos header from C:\windows\syswow64\USERENV.dll
[0621/090712:ERROR:process_reader_win.cc(232)] ReadMemory at 0x70590000 of 64 bytes failed: Only part of a ReadProcessMemory or WriteProcessMemory request was completed. (0x12B)
[0621/090712:WARNING:pe_image_reader.cc(280)] could not read dos header from C:\windows\system32\WTSAPI32.dll
[0621/090712:ERROR:process_reader_win.cc(232)] ReadMemory at 0x71200000 of 64 bytes failed: Only part of a ReadProcessMemory or WriteProcessMemory request was completed. (0x12B)
[0621/090712:WARNING:pe_image_reader.cc(280)] could not read dos header from C:\windows\system32\webio.dll
[0621/090712:ERROR:process_reader_win.cc(232)] ReadMemory at 0x71250000 of 64 bytes failed: Only part of a ReadProcessMemory or WriteProcessMemory request was completed. (0x12B)
[0621/090712:WARNING:pe_image_reader.cc(280)] could not read dos header from C:\windows\system32\WINHTTP.dll
[0621/090712:ERROR:process_reader_win.cc(232)] ReadMemory at 0x76c00000 of 64 bytes failed: Only part of a ReadProcessMemory or WriteProcessMemory request was completed. (0x12B)
[0621/090712:WARNING:pe_image_reader.cc(280)] could not read dos header from C:\windows\syswow64\MSCTF.dll
[0621/090712:ERROR:process_reader_win.cc(232)] ReadMemory at 0x75f80000 of 64 bytes failed: Only part of a ReadProcessMemory or WriteProcessMemory request was completed. (0x12B)
[0621/090712:WARNING:pe_image_reader.cc(280)] could not read dos header from C:\windows\system32\IMM32.DLL
[0621/090712:ERROR:process_reader_win.cc(232)] ReadMemory at 0x763a0000 of 64 bytes failed: Only part of a ReadProcessMemory or WriteProcessMemory request was completed. (0x12B)
[0621/090712:WARNING:pe_image_reader.cc(280)] could not read dos header from C:\windows\syswow64\SHLWAPI.dll
[0621/090712:ERROR:process_reader_win.cc(232)] ReadMemory at 0x75020000 of 64 bytes failed: Only part of a ReadProcessMemory or WriteProcessMemory request was completed. (0x12B)
[0621/090712:WARNING:pe_image_reader.cc(280)] could not read dos header from C:\windows\syswow64\SHELL32.dll
[0621/090712:ERROR:process_reader_win.cc(232)] ReadMemory at 0x77620000 of 64 bytes failed: Only part of a ReadProcessMemory or WriteProcessMemory request was completed. (0x12B)
[0621/090712:WARNING:pe_image_reader.cc(280)] could not read dos header from C:\windows\syswow64\PSAPI.DLL
[0621/090712:ERROR:process_reader_win.cc(232)] ReadMemory at 0x6b550000 of 64 bytes failed: Only part of a ReadProcessMemory or WriteProcessMemory request was completed. (0x12B)
[0621/090712:WARNING:pe_image_reader.cc(280)] could not read dos header from C:\windows\system32\WINSPOOL.DRV
[0621/090712:ERROR:process_reader_win.cc(232)] ReadMemory at 0x71940000 of 64 bytes failed: Only part of a ReadProcessMemory or WriteProcessMemory request was completed. (0x12B)
[0621/090712:WARNING:pe_image_reader.cc(280)] could not read dos header from C:\windows\WinSxS\x86_microsoft.windows.common-controls_6595b64144ccf1df_6.0.7601.18837_none_41e855142bd5705d\COMCTL32.dll
[0621/090712:ERROR:process_reader_win.cc(232)] ReadMemory at 0x76180000 of 64 bytes failed: Only part of a ReadProcessMemory or WriteProcessMemory request was completed. (0x12B)
[0621/090712:WARNING:pe_image_reader.cc(280)] could not read dos header from C:\windows\syswow64\COMDLG32.dll
[0621/090712:ERROR:process_reader_win.cc(232)] ReadMemory at 0x76ce0000 of 64 bytes failed: Only part of a ReadProcessMemory or WriteProcessMemory request was completed. (0x12B)
[0621/090712:WARNING:pe_image_reader.cc(280)] could not read dos header from C:\windows\syswow64\ole32.dll
[0621/090712:ERROR:process_reader_win.cc(232)] ReadMemory at 0x75cd0000 of 64 bytes failed: Only part of a ReadProcessMemory or WriteProcessMemory request was completed. (0x12B)
[0621/090712:WARNING:pe_image_reader.cc(280)] could not read dos header from C:\windows\syswow64\OLEAUT32.dll
[0621/090712:ERROR:process_reader_win.cc(232)] ReadMemory at 0x76390000 of 64 bytes failed: Only part of a ReadProcessMemory or WriteProcessMemory request was completed. (0x12B)
[0621/090712:WARNING:pe_image_reader.cc(280)] could not read dos header from C:\windows\syswow64\NSI.dll
[0621/090712:ERROR:process_reader_win.cc(232)] ReadMemory at 0x70840000 of 64 bytes failed: Only part of a ReadProcessMemory or WriteProcessMemory request was completed. (0x12B)
[0621/090712:WARNING:pe_image_reader.cc(280)] could not read dos header from C:\windows\system32\WINNSI.DLL
[0621/090712:ERROR:process_reader_win.cc(232)] ReadMemory at 0x70850000 of 64 bytes failed: Only part of a ReadProcessMemory or WriteProcessMemory request was completed. (0x12B)
[0621/090712:WARNING:pe_image_reader.cc(280)] could not read dos header from C:\windows\system32\IPHLPAPI.DLL
[0621/090712:ERROR:process_reader_win.cc(232)] ReadMemory at 0x76810000 of 64 bytes failed: Only part of a ReadProcessMemory or WriteProcessMemory request was completed. (0x12B)
[0621/090712:WARNING:pe_image_reader.cc(280)] could not read dos header from C:\windows\syswow64\WS2_32.dll
[0621/090712:ERROR:process_reader_win.cc(232)] ReadMemory at 0x77240000 of 64 bytes failed: Only part of a ReadProcessMemory or WriteProcessMemory request was completed. (0x12B)
[0621/090712:WARNING:pe_image_reader.cc(280)] could not read dos header from C:\windows\syswow64\MSASN1.dll
[0621/090712:ERROR:process_reader_win.cc(232)] ReadMemory at 0x764f0000 of 64 bytes failed: Only part of a ReadProcessMemory or WriteProcessMemory request was completed. (0x12B)
[0621/090712:WARNING:pe_image_reader.cc(280)] could not read dos header from C:\windows\syswow64\CRYPT32.dll
[0621/090712:ERROR:process_reader_win.cc(232)] ReadMemory at 0x77080000 of 64 bytes failed: Only part of a ReadProcessMemory or WriteProcessMemory request was completed. (0x12B)
[0621/090712:WARNING:pe_image_reader.cc(280)] could not read dos header from C:\windows\syswow64\WINTRUST.dll
[0621/090712:ERROR:process_reader_win.cc(232)] ReadMemory at 0x71400000 of 64 bytes failed: Only part of a ReadProcessMemory or WriteProcessMemory request was completed. (0x12B)
[0621/090712:WARNING:pe_image_reader.cc(280)] could not read dos header from C:\windows\system32\Secur32.dll
[0621/090712:ERROR:process_reader_win.cc(232)] ReadMemory at 0x61bc0000 of 64 bytes failed: Only part of a ReadProcessMemory or WriteProcessMemory request was completed. (0x12B)
[0621/090712:WARNING:pe_image_reader.cc(280)] could not read dos header from C:\Program Files (x86)\Google\Chrome\Application\51.0.2704.103\chrome_child.dll
[0621/090712:ERROR:process_reader_win.cc(232)] ReadMemory at 0x6a2d0000 of 64 bytes failed: Only part of a ReadProcessMemory or WriteProcessMemory request was completed. (0x12B)
[0621/090712:WARNING:pe_image_reader.cc(280)] could not read dos header from C:\windows\system32\dwrite.dll
[0621/090712:ERROR:process_reader_win.cc(232)] ReadMemory at 0x77755120 of 5888 bytes failed: Only part of a ReadProcessMemory or WriteProcessMemory request was completed. (0x12B)
[0621/090712:ERROR:process_reader_win.cc(232)] ReadMemory at 0x1320000 of 64 bytes failed: Only part of a ReadProcessMemory or WriteProcessMemory request was completed. (0x12B)
[0621/090712:WARNING:pe_image_reader.cc(280)] could not read dos header from C:\Program Files (x86)\Google\Chrome\Application\chrome.exe
[0621/090712:ERROR:process_reader_win.cc(232)] ReadMemory at 0x77650000 of 64 bytes failed: Only part of a ReadProcessMemory or WriteProcessMemory request was completed. (0x12B)
[0621/090712:WARNING:pe_image_reader.cc(280)] could not read dos header from C:\windows\SysWOW64\ntdll.dll
[0621/090712:ERROR:process_reader_win.cc(232)] ReadMemory at 0x770b0000 of 64 bytes failed: Only part of a ReadProcessMemory or WriteProcessMemory request was completed. (0x12B)
[0621/090712:WARNING:pe_image_reader.cc(280)] could not read dos header from C:\windows\syswow64\KERNELBASE.dll
[0621/090712:ERROR:process_reader_win.cc(232)] ReadMemory at 0x76ae0000 of 64 bytes failed: Only part of a ReadProcessMemory or WriteProcessMemory request was completed. (0x12B)
[0621/090712:WARNING:pe_image_reader.cc(280)] could not read dos header from C:\windows\syswow64\kernel32.dll
[0621/090712:ERROR:process_reader_win.cc(232)] ReadMemory at 0x76290000 of 64 bytes failed: Only part of a ReadProcessMemory or WriteProcessMemory request was completed. (0x12B)
[0621/090712:WARNING:pe_image_reader.cc(280)] could not read dos header from C:\windows\syswow64\msvcrt.dll
[0621/090712:ERROR:process_reader_win.cc(232)] ReadMemory at 0x74fb0000 of 64 bytes failed: Only part of a ReadProcessMemory or WriteProcessMemory request was completed. (0x12B)
[0621/090712:WARNING:pe_image_reader.cc(280)] could not read dos header from C:\windows\syswow64\CRYPTBASE.dll
[0621/090712:ERROR:process_reader_win.cc(232)] ReadMemory at 0x74fc0000 of 64 bytes failed: Only part of a ReadProcessMemory or WriteProcessMemory request was completed. (0x12B)
[0621/090712:WARNING:pe_image_reader.cc(280)] could not read dos header from C:\windows\syswow64\SspiCli.dll
[0621/090712:ERROR:process_reader_win.cc(232)] ReadMemory at 0x76850000 of 64 bytes failed: Only part of a ReadProcessMemory or WriteProcessMemory request was completed. (0x12B)
[0621/090712:WARNING:pe_image_reader.cc(280)] could not read dos header from C:\windows\syswow64\RPCRT4.dll
[0621/090712:ERROR:process_reader_win.cc(232)] ReadMemory at 0x75f60000 of 64 bytes failed: Only part of a ReadProcessMemory or WriteProcessMemory request was completed. (0x12B)
[0621/090712:WARNING:pe_image_reader.cc(280)] could not read dos header from C:\windows\SysWOW64\sechost.dll
[0621/090712:ERROR:process_reader_win.cc(232)] ReadMemory at 0x76450000 of 64 bytes failed: Only part of a ReadProcessMemory or WriteProcessMemory request was completed. (0x12B)
[0621/090712:WARNING:pe_image_reader.cc(280)] could not read dos header from C:\windows\syswow64\ADVAPI32.dll
[0621/090712:ERROR:process_reader_win.cc(232)] ReadMemory at 0x67200000 of 64 bytes failed: Only part of a ReadProcessMemory or WriteProcessMemory request was completed. (0x12B)
[0621/090712:WARNING:pe_image_reader.cc(280)] could not read dos header from C:\Program Files (x86)\Google\Chrome\Application\51.0.2704.103\chrome_elf.dll
[0621/090712:ERROR:process_reader_win.cc(232)] ReadMemory at 0x71810000 of 64 bytes failed: Only part of a ReadProcessMemory or WriteProcessMemory request was completed. (0x12B)
[0621/090712:WARNING:pe_image_reader.cc(280)] could not read dos header from C:\windows\system32\VERSION.dll
[0621/090712:ERROR:process_reader_win.cc(232)] ReadMemory at 0x771a0000 of 64 bytes failed: Only part of a ReadProcessMemory or WriteProcessMemory request was completed. (0x12B)
[0621/090712:WARNING:pe_image_reader.cc(280)] could not read dos header from C:\windows\syswow64\USP10.dll
[0621/090712:ERROR:process_reader_win.cc(232)] ReadMemory at 0x77190000 of 64 bytes failed: Only part of a ReadProcessMemory or WriteProcessMemory request was completed. (0x12B)
[0621/090712:WARNING:pe_image_reader.cc(280)] could not read dos header from C:\windows\syswow64\LPK.dll
[0621/090712:ERROR:process_reader_win.cc(232)] ReadMemory at 0x76780000 of 64 bytes failed: Only part of a ReadProcessMemory or WriteProcessMemory request was completed. (0x12B)
[0621/090712:WARNING:pe_image_reader.cc(280)] could not read dos header from C:\windows\syswow64\GDI32.dll
[0621/090712:ERROR:process_reader_win.cc(232)] ReadMemory at 0x76680000 of 64 bytes failed: Only part of a ReadProcessMemory or WriteProcessMemory request was completed. (0x12B)
[0621/090712:WARNING:pe_image_reader.cc(280)] could not read dos header from C:\windows\syswow64\USER32.dll
[0621/090712:ERROR:process_reader_win.cc(232)] ReadMemory at 0x70ed0000 of 64 bytes failed: Only part of a ReadProcessMemory or WriteProcessMemory request was completed. (0x12B)
[0621/090712:WARNING:pe_image_reader.cc(280)] could not read dos header from C:\windows\system32\WINMM.dll
[0621/090712:ERROR:process_reader_win.cc(232)] ReadMemory at 0x76cd0000 of 64 bytes failed: Only part of a ReadProcessMemory or WriteProcessMemory request was completed. (0x12B)
[0621/090712:WARNING:pe_image_reader.cc(280)] could not read dos header from C:\windows\syswow64\profapi.dll
[0621/090712:ERROR:process_reader_win.cc(232)] ReadMemory at 0x76340000 of 64 bytes failed: Only part of a ReadProcessMemory or WriteProcessMemory request was completed. (0x12B)
[0621/090712:WARNING:pe_image_reader.cc(280)] could not read dos header from C:\windows\syswow64\USERENV.dll
[0621/090712:ERROR:process_reader_win.cc(232)] ReadMemory at 0x70590000 of 64 bytes failed: Only part of a ReadProcessMemory or WriteProcessMemory request was completed. (0x12B)
[0621/090712:WARNING:pe_image_reader.cc(280)] could not read dos header from C:\windows\system32\WTSAPI32.dll
[0621/090712:ERROR:process_reader_win.cc(232)] ReadMemory at 0x71200000 of 64 bytes failed: Only part of a ReadProcessMemory or WriteProcessMemory request was completed. (0x12B)
[0621/090712:WARNING:pe_image_reader.cc(280)] could not read dos header from C:\windows\system32\webio.dll
[0621/090712:ERROR:process_reader_win.cc(232)] ReadMemory at 0x71250000 of 64 bytes failed: Only part of a ReadProcessMemory or WriteProcessMemory request was completed. (0x12B)
[0621/090712:WARNING:pe_image_reader.cc(280)] could not read dos header from C:\windows\system32\WINHTTP.dll
[0621/090712:ERROR:process_reader_win.cc(232)] ReadMemory at 0x76c00000 of 64 bytes failed: Only part of a ReadProcessMemory or WriteProcessMemory request was completed. (0x12B)
[0621/090712:WARNING:pe_image_reader.cc(280)] could not read dos header from C:\windows\syswow64\MSCTF.dll
[0621/090712:ERROR:process_reader_win.cc(232)] ReadMemory at 0x75f80000 of 64 bytes failed: Only part of a ReadProcessMemory or WriteProcessMemory request was completed. (0x12B)
[0621/090712:WARNING:pe_image_reader.cc(280)] could not read dos header from C:\windows\system32\IMM32.DLL
[0621/090712:ERROR:process_reader_win.cc(232)] ReadMemory at 0x763a0000 of 64 bytes failed: Only part of a ReadProcessMemory or WriteProcessMemory request was completed. (0x12B)
[0621/090712:WARNING:pe_image_reader.cc(280)] could not read dos header from C:\windows\syswow64\SHLWAPI.dll
[0621/090712:ERROR:process_reader_win.cc(232)] ReadMemory at 0x75020000 of 64 bytes failed: Only part of a ReadProcessMemory or WriteProcessMemory request was completed. (0x12B)
[0621/090712:WARNING:pe_image_reader.cc(280)] could not read dos header from C:\windows\syswow64\SHELL32.dll
[0621/090712:ERROR:process_reader_win.cc(232)] ReadMemory at 0x77620000 of 64 bytes failed: Only part of a ReadProcessMemory or WriteProcessMemory request was completed. (0x12B)
[0621/090712:WARNING:pe_image_reader.cc(280)] could not read dos header from C:\windows\syswow64\PSAPI.DLL
[0621/090712:ERROR:process_reader_win.cc(232)] ReadMemory at 0x6b550000 of 64 bytes failed: Only part of a ReadProcessMemory or WriteProcessMemory request was completed. (0x12B)
[0621/090712:WARNING:pe_image_reader.cc(280)] could not read dos header from C:\windows\system32\WINSPOOL.DRV
[0621/090712:ERROR:process_reader_win.cc(232)] ReadMemory at 0x71940000 of 64 bytes failed: Only part of a ReadProcessMemory or WriteProcessMemory request was completed. (0x12B)
[0621/090712:WARNING:pe_image_reader.cc(280)] could not read dos header from C:\windows\WinSxS\x86_microsoft.windows.common-controls_6595b64144ccf1df_6.0.7601.18837_none_41e855142bd5705d\COMCTL32.dll
[0621/090712:ERROR:process_reader_win.cc(232)] ReadMemory at 0x76180000 of 64 bytes failed: Only part of a ReadProcessMemory or WriteProcessMemory request was completed. (0x12B)
[0621/090712:WARNING:pe_image_reader.cc(280)] could not read dos header from C:\windows\syswow64\COMDLG32.dll
[0621/090712:ERROR:process_reader_win.cc(232)] ReadMemory at 0x76ce0000 of 64 bytes failed: Only part of a ReadProcessMemory or WriteProcessMemory request was completed. (0x12B)
[0621/090712:WARNING:pe_image_reader.cc(280)] could not read dos header from C:\windows\syswow64\ole32.dll
[0621/090712:ERROR:process_reader_win.cc(232)] ReadMemory at 0x75cd0000 of 64 bytes failed: Only part of a ReadProcessMemory or WriteProcessMemory request was completed. (0x12B)
[0621/090712:WARNING:pe_image_reader.cc(280)] could not read dos header from C:\windows\syswow64\OLEAUT32.dll
[0621/090712:ERROR:process_reader_win.cc(232)] ReadMemory at 0x76390000 of 64 bytes failed: Only part of a ReadProcessMemory or WriteProcessMemory request was completed. (0x12B)
[0621/090712:WARNING:pe_image_reader.cc(280)] could not read dos header from C:\windows\syswow64\NSI.dll
[0621/090712:ERROR:process_reader_win.cc(232)] ReadMemory at 0x70840000 of 64 bytes failed: Only part of a ReadProcessMemory or WriteProcessMemory request was completed. (0x12B)
[0621/090712:WARNING:pe_image_reader.cc(280)] could not read dos header from C:\windows\system32\WINNSI.DLL
[0621/090712:ERROR:process_reader_win.cc(232)] ReadMemory at 0x70850000 of 64 bytes failed: Only part of a ReadProcessMemory or WriteProcessMemory request was completed. (0x12B)
[0621/090712:WARNING:pe_image_reader.cc(280)] could not read dos header from C:\windows\system32\IPHLPAPI.DLL
[0621/090712:ERROR:process_reader_win.cc(232)] ReadMemory at 0x76810000 of 64 bytes failed: Only part of a ReadProcessMemory or WriteProcessMemory request was completed. (0x12B)
[0621/090712:WARNING:pe_image_reader.cc(280)] could not read dos header from C:\windows\syswow64\WS2_32.dll
[0621/090712:ERROR:process_reader_win.cc(232)] ReadMemory at 0x77240000 of 64 bytes failed: Only part of a ReadProcessMemory or WriteProcessMemory request was completed. (0x12B)
[0621/090712:WARNING:pe_image_reader.cc(280)] could not read dos header from C:\windows\syswow64\MSASN1.dll
[0621/090712:ERROR:process_reader_win.cc(232)] ReadMemory at 0x764f0000 of 64 bytes failed: Only part of a ReadProcessMemory or WriteProcessMemory request was completed. (0x12B)
[0621/090712:WARNING:pe_image_reader.cc(280)] could not read dos header from C:\windows\syswow64\CRYPT32.dll
[0621/090712:ERROR:process_reader_win.cc(232)] ReadMemory at 0x77080000 of 64 bytes failed: Only part of a ReadProcessMemory or WriteProcessMemory request was completed. (0x12B)
[0621/090712:WARNING:pe_image_reader.cc(280)] could not read dos header from C:\windows\syswow64\WINTRUST.dll
[0621/090712:ERROR:process_reader_win.cc(232)] ReadMemory at 0x71400000 of 64 bytes failed: Only part of a ReadProcessMemory or WriteProcessMemory request was completed. (0x12B)
[0621/090712:WARNING:pe_image_reader.cc(280)] could not read dos header from C:\windows\system32\Secur32.dll
[0621/090712:ERROR:process_reader_win.cc(232)] ReadMemory at 0x61bc0000 of 64 bytes failed: Only part of a ReadProcessMemory or WriteProcessMemory request was completed. (0x12B)
[0621/090712:WARNING:pe_image_reader.cc(280)] could not read dos header from C:\Program Files (x86)\Google\Chrome\Application\51.0.2704.103\chrome_child.dll
[0621/090712:ERROR:process_reader_win.cc(232)] ReadMemory at 0x6a2d0000 of 64 bytes failed: Only part of a ReadProcessMemory or WriteProcessMemory request was completed. (0x12B)
[0621/090712:WARNING:pe_image_reader.cc(280)] could not read dos header from C:\windows\system32\dwrite.dll
[0621/090712:ERROR:process_reader_win.cc(98)] process 5688 not found
[0621/090712:ERROR:process_reader_win.cc(232)] ReadMemory at 0x1320000 of 64 bytes failed: Only part of a ReadProcessMemory or WriteProcessMemory request was completed. (0x12B)
[0621/090712:WARNING:pe_image_reader.cc(280)] could not read dos header from C:\Program Files (x86)\Google\Chrome\Application\chrome.exe
[0621/090712:ERROR:process_reader_win.cc(232)] ReadMemory at 0x77650000 of 64 bytes failed: Only part of a ReadProcessMemory or WriteProcessMemory request was completed. (0x12B)
[0621/090712:WARNING:pe_image_reader.cc(280)] could not read dos header from C:\windows\SysWOW64\ntdll.dll
[0621/090712:ERROR:process_reader_win.cc(232)] ReadMemory at 0x770b0000 of 64 bytes failed: Only part of a ReadProcessMemory or WriteProcessMemory request was completed. (0x12B)
[0621/090712:WARNING:pe_image_reader.cc(280)] could not read dos header from C:\windows\syswow64\KERNELBASE.dll
[0621/090712:ERROR:process_reader_win.cc(232)] ReadMemory at 0x76ae0000 of 64 bytes failed: Only part of a ReadProcessMemory or WriteProcessMemory request was completed. (0x12B)
[0621/090712:WARNING:pe_image_reader.cc(280)] could not read dos header from C:\windows\syswow64\kernel32.dll
[0621/090712:ERROR:process_reader_win.cc(232)] ReadMemory at 0x76290000 of 64 bytes failed: Only part of a ReadProcessMemory or WriteProcessMemory request was completed. (0x12B)
[0621/090712:WARNING:pe_image_reader.cc(280)] could not read dos header from C:\windows\syswow64\msvcrt.dll
[0621/090712:ERROR:process_reader_win.cc(232)] ReadMemory at 0x74fb0000 of 64 bytes failed: Only part of a ReadProcessMemory or WriteProcessMemory request was completed. (0x12B)
[0621/090712:WARNING:pe_image_reader.cc(280)] could not read dos header from C:\windows\syswow64\CRYPTBASE.dll
[0621/090712:ERROR:process_reader_win.cc(232)] ReadMemory at 0x74fc0000 of 64 bytes failed: Only part of a ReadProcessMemory or WriteProcessMemory request was completed. (0x12B)
[0621/090712:WARNING:pe_image_reader.cc(280)] could not read dos header from C:\windows\syswow64\SspiCli.dll
[0621/090712:ERROR:process_reader_win.cc(232)] ReadMemory at 0x76850000 of 64 bytes failed: Only part of a ReadProcessMemory or WriteProcessMemory request was completed. (0x12B)
[0621/090712:WARNING:pe_image_reader.cc(280)] could not read dos header from C:\windows\syswow64\RPCRT4.dll
[0621/090712:ERROR:process_reader_win.cc(232)] ReadMemory at 0x75f60000 of 64 bytes failed: Only part of a ReadProcessMemory or WriteProcessMemory request was completed. (0x12B)
[0621/090712:WARNING:pe_image_reader.cc(280)] could not read dos header from C:\windows\SysWOW64\sechost.dll
[0621/090712:ERROR:process_reader_win.cc(232)] ReadMemory at 0x76450000 of 64 bytes failed: Only part of a ReadProcessMemory or WriteProcessMemory request was completed. (0x12B)
[0621/090712:WARNING:pe_image_reader.cc(280)] could not read dos header from C:\windows\syswow64\ADVAPI32.dll
[0621/090712:ERROR:process_reader_win.cc(232)] ReadMemory at 0x67200000 of 64 bytes failed: Only part of a ReadProcessMemory or WriteProcessMemory request was completed. (0x12B)
[0621/090712:WARNING:pe_image_reader.cc(280)] could not read dos header from C:\Program Files (x86)\Google\Chrome\Application\51.0.2704.103\chrome_elf.dll
[0621/090712:ERROR:process_reader_win.cc(232)] ReadMemory at 0x71810000 of 64 bytes failed: Only part of a ReadProcessMemory or WriteProcessMemory request was completed. (0x12B)
[0621/090712:WARNING:pe_image_reader.cc(280)] could not read dos header from C:\windows\system32\VERSION.dll
[0621/090712:ERROR:process_reader_win.cc(232)] ReadMemory at 0x771a0000 of 64 bytes failed: Only part of a ReadProcessMemory or WriteProcessMemory request was completed. (0x12B)
[0621/090712:WARNING:pe_image_reader.cc(280)] could not read dos header from C:\windows\syswow64\USP10.dll
[0621/090712:ERROR:process_reader_win.cc(232)] ReadMemory at 0x77190000 of 64 bytes failed: Only part of a ReadProcessMemory or WriteProcessMemory request was completed. (0x12B)
[0621/090712:WARNING:pe_image_reader.cc(280)] could not read dos header from C:\windows\syswow64\LPK.dll
[0621/090712:ERROR:process_reader_win.cc(232)] ReadMemory at 0x76780000 of 64 bytes failed: Only part of a ReadProcessMemory or WriteProcessMemory request was completed. (0x12B)
[0621/090712:WARNING:pe_image_reader.cc(280)] could not read dos header from C:\windows\syswow64\GDI32.dll
[0621/090712:ERROR:process_reader_win.cc(232)] ReadMemory at 0x76680000 of 64 bytes failed: Only part of a ReadProcessMemory or WriteProcessMemory request was completed. (0x12B)
[0621/090712:WARNING:pe_image_reader.cc(280)] could not read dos header from C:\windows\syswow64\USER32.dll
[0621/090712:ERROR:process_reader_win.cc(232)] ReadMemory at 0x70ed0000 of 64 bytes failed: Only part of a ReadProcessMemory or WriteProcessMemory request was completed. (0x12B)
[0621/090712:WARNING:pe_image_reader.cc(280)] could not read dos header from C:\windows\system32\WINMM.dll
[0621/090712:ERROR:process_reader_win.cc(232)] ReadMemory at 0x76cd0000 of 64 bytes failed: Only part of a ReadProcessMemory or WriteProcessMemory request was completed. (0x12B)
[0621/090712:WARNING:pe_image_reader.cc(280)] could not read dos header from C:\windows\syswow64\profapi.dll
[0621/090712:ERROR:process_reader_win.cc(232)] ReadMemory at 0x76340000 of 64 bytes failed: Only part of a ReadProcessMemory or WriteProcessMemory request was completed. (0x12B)
[0621/090712:WARNING:pe_image_reader.cc(280)] could not read dos header from C:\windows\syswow64\USERENV.dll
[0621/090712:ERROR:process_reader_win.cc(232)] ReadMemory at 0x70590000 of 64 bytes failed: Only part of a ReadProcessMemory or WriteProcessMemory request was completed. (0x12B)
[0621/090712:WARNING:pe_image_reader.cc(280)] could not read dos header from C:\windows\system32\WTSAPI32.dll
[0621/090712:ERROR:process_reader_win.cc(232)] ReadMemory at 0x71200000 of 64 bytes failed: Only part of a ReadProcessMemory or WriteProcessMemory request was completed. (0x12B)
[0621/090712:WARNING:pe_image_reader.cc(280)] could not read dos header from C:\windows\system32\webio.dll
[0621/090712:ERROR:process_reader_win.cc(232)] ReadMemory at 0x71250000 of 64 bytes failed: Only part of a ReadProcessMemory or WriteProcessMemory request was completed. (0x12B)
[0621/090712:WARNING:pe_image_reader.cc(280)] could not read dos header from C:\windows\system32\WINHTTP.dll
[0621/090712:ERROR:process_reader_win.cc(232)] ReadMemory at 0x76c00000 of 64 bytes failed: Only part of a ReadProcessMemory or WriteProcessMemory request was completed. (0x12B)
[0621/090712:WARNING:pe_image_reader.cc(280)] could not read dos header from C:\windows\syswow64\MSCTF.dll
[0621/090712:ERROR:process_reader_win.cc(232)] ReadMemory at 0x75f80000 of 64 bytes failed: Only part of a ReadProcessMemory or WriteProcessMemory request was completed. (0x12B)
[0621/090712:WARNING:pe_image_reader.cc(280)] could not read dos header from C:\windows\system32\IMM32.DLL
[0621/090712:ERROR:process_reader_win.cc(232)] ReadMemory at 0x763a0000 of 64 bytes failed: Only part of a ReadProcessMemory or WriteProcessMemory request was completed. (0x12B)
[0621/090712:WARNING:pe_image_reader.cc(280)] could not read dos header from C:\windows\syswow64\SHLWAPI.dll
[0621/090712:ERROR:process_reader_win.cc(232)] ReadMemory at 0x75020000 of 64 bytes failed: Only part of a ReadProcessMemory or WriteProcessMemory request was completed. (0x12B)
[0621/090712:WARNING:pe_image_reader.cc(280)] could not read dos header from C:\windows\syswow64\SHELL32.dll
[0621/090712:ERROR:process_reader_win.cc(232)] ReadMemory at 0x77620000 of 64 bytes failed: Only part of a ReadProcessMemory or WriteProcessMemory request was completed. (0x12B)
[0621/090712:WARNING:pe_image_reader.cc(280)] could not read dos header from C:\windows\syswow64\PSAPI.DLL
[0621/090712:ERROR:process_reader_win.cc(232)] ReadMemory at 0x6b550000 of 64 bytes failed: Only part of a ReadProcessMemory or WriteProcessMemory request was completed. (0x12B)
[0621/090712:WARNING:pe_image_reader.cc(280)] could not read dos header from C:\windows\system32\WINSPOOL.DRV
[0621/090712:ERROR:process_reader_win.cc(232)] ReadMemory at 0x71940000 of 64 bytes failed: Only part of a ReadProcessMemory or WriteProcessMemory request was completed. (0x12B)
[0621/090712:WARNING:pe_image_reader.cc(280)] could not read dos header from C:\windows\WinSxS\x86_microsoft.windows.common-controls_6595b64144ccf1df_6.0.7601.18837_none_41e855142bd5705d\COMCTL32.dll
[0621/090712:ERROR:process_reader_win.cc(232)] ReadMemory at 0x76180000 of 64 bytes failed: Only part of a ReadProcessMemory or WriteProcessMemory request was completed. (0x12B)
[0621/090712:WARNING:pe_image_reader.cc(280)] could not read dos header from C:\windows\syswow64\COMDLG32.dll
[0621/090712:ERROR:process_reader_win.cc(232)] ReadMemory at 0x76ce0000 of 64 bytes failed: Only part of a ReadProcessMemory or WriteProcessMemory request was completed. (0x12B)
[0621/090712:WARNING:pe_image_reader.cc(280)] could not read dos header from C:\windows\syswow64\ole32.dll
[0621/090712:ERROR:process_reader_win.cc(232)] ReadMemory at 0x75cd0000 of 64 bytes failed: Only part of a ReadProcessMemory or WriteProcessMemory request was completed. (0x12B)
[0621/090712:WARNING:pe_image_reader.cc(280)] could not read dos header from C:\windows\syswow64\OLEAUT32.dll
[0621/090712:ERROR:process_reader_win.cc(232)] ReadMemory at 0x76390000 of 64 bytes failed: Only part of a ReadProcessMemory or WriteProcessMemory request was completed. (0x12B)
[0621/090712:WARNING:pe_image_reader.cc(280)] could not read dos header from C:\windows\syswow64\NSI.dll
[0621/090712:ERROR:process_reader_win.cc(232)] ReadMemory at 0x70840000 of 64 bytes failed: Only part of a ReadProcessMemory or WriteProcessMemory request was completed. (0x12B)
[0621/090712:WARNING:pe_image_reader.cc(280)] could not read dos header from C:\windows\system32\WINNSI.DLL
[0621/090712:ERROR:process_reader_win.cc(232)] ReadMemory at 0x70850000 of 64 bytes failed: Only part of a ReadProcessMemory or WriteProcessMemory request was completed. (0x12B)
[0621/090712:WARNING:pe_image_reader.cc(280)] could not read dos header from C:\windows\system32\IPHLPAPI.DLL
[0621/090712:ERROR:process_reader_win.cc(232)] ReadMemory at 0x76810000 of 64 bytes failed: Only part of a ReadProcessMemory or WriteProcessMemory request was completed. (0x12B)
[0621/090712:WARNING:pe_image_reader.cc(280)] could not read dos header from C:\windows\syswow64\WS2_32.dll
[0621/090712:ERROR:process_reader_win.cc(232)] ReadMemory at 0x77240000 of 64 bytes failed: Only part of a ReadProcessMemory or WriteProcessMemory request was completed. (0x12B)
[0621/090712:WARNING:pe_image_reader.cc(280)] could not read dos header from C:\windows\syswow64\MSASN1.dll
[0621/090712:ERROR:process_reader_win.cc(232)] ReadMemory at 0x764f0000 of 64 bytes failed: Only part of a ReadProcessMemory or WriteProcessMemory request was completed. (0x12B)
[0621/090712:WARNING:pe_image_reader.cc(280)] could not read dos header from C:\windows\syswow64\CRYPT32.dll
[0621/090712:ERROR:process_reader_win.cc(232)] ReadMemory at 0x77080000 of 64 bytes failed: Only part of a ReadProcessMemory or WriteProcessMemory request was completed. (0x12B)
[0621/090712:WARNING:pe_image_reader.cc(280)] could not read dos header from C:\windows\syswow64\WINTRUST.dll
[0621/090712:ERROR:process_reader_win.cc(232)] ReadMemory at 0x71400000 of 64 bytes failed: Only part of a ReadProcessMemory or WriteProcessMemory request was completed. (0x12B)
[0621/090712:WARNING:pe_image_reader.cc(280)] could not read dos header from C:\windows\system32\Secur32.dll
[0621/090712:ERROR:process_reader_win.cc(232)] ReadMemory at 0x61bc0000 of 64 bytes failed: Only part of a ReadProcessMemory or WriteProcessMemory request was completed. (0x12B)
[0621/090712:WARNING:pe_image_reader.cc(280)] could not read dos header from C:\Program Files (x86)\Google\Chrome\Application\51.0.2704.103\chrome_child.dll
[0621/090712:ERROR:process_reader_win.cc(232)] ReadMemory at 0x6a2d0000 of 64 bytes failed: Only part of a ReadProcessMemory or WriteProcessMemory request was completed. (0x12B)
[0621/090712:WARNING:pe_image_reader.cc(280)] could not read dos header from C:\windows\system32\dwrite.dll
[0621/090712:ERROR:process_reader_win.cc(232)] ReadMemory at 0x13dc374 of 12 bytes failed: Only part of a ReadProcessMemory or WriteProcessMemory request was completed. (0x12B)
[0621/090712:WARNING:process_snapshot_win.cc(102)] ReadMemory ExceptionInformation failed
[0621/090712:WARNING:crash_report_exception_handler.cc(60)] ProcessSnapshotWin::InitializeException failed
[0621/090712:ERROR:scoped_process_suspend.cc(38)] NtResumeProcess, ntstatus=-1073741558
